{
  "RSpec": {
    "coverage": {
      "/Users/puyan/Projects/bank/spec/account_spec.rb": [
        1,
        null,
        1,
        9,
        null,
        1,
        1,
        1,
        null,
        null,
        null,
        1,
        1,
        1,
        1,
        null,
        1,
        1,
        1,
        null,
        null,
        null,
        1,
        1,
        1,
        1,
        1,
        null,
        null,
        null,
        1,
        1,
        1,
        1,
        1,
        null,
        null,
        null,
        1,
        1,
        1,
        1,
        1,
        1,
        null,
        null,
        null,
        1,
        1,
        1,
        1,
        1,
        null,
        null,
        null,
        1,
        1,
        1,
        1,
        null,
        null,
        null,
        null,
        null,
        null,
        null,
        null,
        null,
        null,
        null,
        null,
        null,
        null,
        null
      ],
      "/Users/puyan/Projects/bank/lib/account.rb": [
        1,
        1,
        null,
        1,
        null,
        1,
        8,
        8,
        null,
        null,
        1,
        8,
        8,
        null,
        null,
        1,
        2,
        2,
        null,
        null,
        1,
        1,
        null,
        null,
        1,
        null,
        1,
        10,
        10,
        null,
        null,
        1,
        1,
        null,
        null
      ],
      "/Users/puyan/Projects/bank/spec/information_spec.rb": [
        1,
        null,
        1,
        2,
        null,
        1,
        1,
        1,
        1,
        1,
        null,
        null,
        null
      ],
      "/Users/puyan/Projects/bank/lib/Information.rb": [
        1,
        1,
        null,
        1,
        11,
        11,
        11,
        null,
        null
      ]
    },
    "timestamp": 1506971165
  }
}
