{
  "RSpec": {
    "coverage": {
      "/Users/puyan/Projects/bank/spec/account_spec.rb": [
        1,
        null,
        1,
        11,
        null,
        1,
        1,
        1,
        null,
        null,
        null,
        1,
        1,
        1,
        1,
        null,
        1,
        1,
        1,
        null,
        null,
        null,
        1,
        1,
        1,
        1,
        1,
        null,
        null,
        null,
        1,
        1,
        1,
        2,
        null,
        null,
        null,
        1,
        1,
        1,
        1,
        1,
        null,
        null,
        null,
        1,
        1,
        1,
        1,
        1,
        1,
        null,
        null,
        null,
        1,
        1,
        1,
        1,
        1,
        null,
        null,
        null,
        1,
        1,
        2,
        null,
        null,
        null,
        1,
        1,
        1,
        1,
        1,
        2,
        null,
        null,
        null
      ],
      "/Users/puyan/Projects/bank/lib/account.rb": [
        1,
        null,
        1,
        1,
        null,
        1,
        null,
        1,
        10,
        10,
        null,
        null,
        1,
        10,
        10,
        null,
        null,
        1,
        4,
        3,
        3,
        null,
        null,
        1,
        2,
        2,
        null,
        null,
        1,
        null,
        1,
        4,
        null,
        null,
        1,
        13,
        13,
        null,
        null,
        1,
        2,
        null,
        null,
        1,
        2,
        3,
        null,
        null,
        null
      ],
      "/Users/puyan/Projects/bank/lib/information.rb": [
        1,
        1,
        null,
        1,
        0,
        null,
        null
      ],
      "/Users/puyan/Projects/bank/spec/information_spec.rb": [
        1,
        null,
        1,
        2,
        null,
        1,
        1,
        1,
        1,
        null,
        null,
        null
      ],
      "/Users/puyan/Projects/bank/lib/Information.rb": [
        1,
        1,
        null,
        1,
        14,
        null,
        null
      ]
    },
    "timestamp": 1507070951
  }
}
